\BOOKMARK [1][-]{section.1}{Introduction}{}% 1
\BOOKMARK [2][-]{subsection.1.1}{Rendering Algorithms}{section.1}% 2
\BOOKMARK [3][-]{subsubsection.1.1.1}{Rasterization}{subsection.1.1}% 3
\BOOKMARK [3][-]{subsubsection.1.1.2}{Ray Tracing}{subsection.1.1}% 4
\BOOKMARK [2][-]{subsection.1.2}{Geometric Representations}{section.1}% 5
\BOOKMARK [3][-]{subsubsection.1.2.1}{Boundary Representation}{subsection.1.2}% 6
\BOOKMARK [3][-]{subsubsection.1.2.2}{Constructive Solid Geometry}{subsection.1.2}% 7
\BOOKMARK [2][-]{subsection.1.3}{Overview}{section.1}% 8
\BOOKMARK [1][-]{section.2}{Related Work}{}% 9
\BOOKMARK [1][-]{section.3}{Constructive Solid Geometry}{}% 10
\BOOKMARK [2][-]{subsection.3.1}{Ray Intersection}{section.3}% 11
\BOOKMARK [2][-]{subsection.3.2}{Mathematical Formulations}{section.3}% 12
\BOOKMARK [3][-]{subsubsection.3.2.1}{Set Algebra}{subsection.3.2}% 13
\BOOKMARK [3][-]{subsubsection.3.2.2}{Topological Spaces}{subsection.3.2}% 14
\BOOKMARK [3][-]{subsubsection.3.2.3}{Closed Sets}{subsection.3.2}% 15
\BOOKMARK [3][-]{subsubsection.3.2.4}{Neighborhood}{subsection.3.2}% 16
\BOOKMARK [3][-]{subsubsection.3.2.5}{Interior}{subsection.3.2}% 17
\BOOKMARK [3][-]{subsubsection.3.2.6}{Boundary}{subsection.3.2}% 18
\BOOKMARK [3][-]{subsubsection.3.2.7}{Closure}{subsection.3.2}% 19
\BOOKMARK [3][-]{subsubsection.3.2.8}{Regularity}{subsection.3.2}% 20
\BOOKMARK [3][-]{subsubsection.3.2.9}{Membership Classification Function}{subsection.3.2}% 21
\BOOKMARK [3][-]{subsubsection.3.2.10}{Classification by constructive geometry}{subsection.3.2}% 22
\BOOKMARK [2][-]{subsection.3.3}{Ray classification}{section.3}% 23
\BOOKMARK [1][-]{section.4}{Optimization}{}% 24
\BOOKMARK [2][-]{subsection.4.1}{Minimal hit CSG classification}{section.4}% 25
\BOOKMARK [3][-]{subsubsection.4.1.1}{Union Classification}{subsection.4.1}% 26
\BOOKMARK [3][-]{subsubsection.4.1.2}{Intersection Classification}{subsection.4.1}% 27
\BOOKMARK [3][-]{subsubsection.4.1.3}{Difference Classification}{subsection.4.1}% 28
\BOOKMARK [2][-]{subsection.4.2}{Bounding Boxes}{section.4}% 29
\BOOKMARK [2][-]{subsection.4.3}{Binary Space Partitioning Trees}{section.4}% 30
\BOOKMARK [3][-]{subsubsection.4.3.1}{Building BSP trees}{subsection.4.3}% 31
\BOOKMARK [3][-]{subsubsection.4.3.2}{Traversing BSP trees}{subsection.4.3}% 32
\BOOKMARK [2][-]{subsection.4.4}{Optimized CSG}{section.4}% 33
\BOOKMARK [1][-]{section.5}{Evaluation of the results}{}% 34
\BOOKMARK [2][-]{subsection.5.1}{Geometry Complexity Tests}{section.5}% 35
\BOOKMARK [2][-]{subsection.5.2}{Nesting Tests}{section.5}% 36
\BOOKMARK [1][-]{section.6}{Conclusion \046 Future Work}{}% 37
